{"C:\\Users\\sir\\Desktop\\New folder\\voting-system\\backend\\src\\index.js": {"path":"C:\\Users\\sir\\Desktop\\New folder\\voting-system\\backend\\src\\index.js","statementMap":{"0":{"start":{"line":1,"column":16},"end":{"line":1,"column":34}},"1":{"start":{"line":2,"column":12},"end":{"line":2,"column":21}},"2":{"start":{"line":3,"column":13},"end":{"line":3,"column":17}},"3":{"start":{"line":4,"column":18},"end":{"line":4,"column":44}},"4":{"start":{"line":6,"column":19},"end":{"line":6,"column":41}},"5":{"start":{"line":7,"column":21},"end":{"line":7,"column":45}},"6":{"start":{"line":9,"column":23},"end":{"line":9,"column":47}},"7":{"start":{"line":10,"column":21},"end":{"line":10,"column":47}},"8":{"start":{"line":11,"column":22},"end":{"line":11,"column":49}},"9":{"start":{"line":12,"column":19},"end":{"line":12,"column":43}},"10":{"start":{"line":13,"column":24},"end":{"line":13,"column":54}},"11":{"start":{"line":14,"column":0},"end":{"line":14,"column":33}},"12":{"start":{"line":16,"column":13},"end":{"line":16,"column":28}},"13":{"start":{"line":17,"column":0},"end":{"line":26,"column":5}},"14":{"start":{"line":20,"column":4},"end":{"line":22,"column":7}},"15":{"start":{"line":21,"column":6},"end":{"line":21,"column":67}},"16":{"start":{"line":25,"column":4},"end":{"line":25,"column":23}},"17":{"start":{"line":28,"column":0},"end":{"line":28,"column":24}},"18":{"start":{"line":29,"column":20},"end":{"line":34,"column":1}},"19":{"start":{"line":36,"column":0},"end":{"line":36,"column":27}},"20":{"start":{"line":37,"column":0},"end":{"line":37,"column":36}},"21":{"start":{"line":38,"column":0},"end":{"line":38,"column":52}},"22":{"start":{"line":39,"column":0},"end":{"line":39,"column":27}},"23":{"start":{"line":41,"column":0},"end":{"line":41,"column":29}},"24":{"start":{"line":42,"column":0},"end":{"line":42,"column":35}},"25":{"start":{"line":43,"column":0},"end":{"line":43,"column":33}},"26":{"start":{"line":44,"column":0},"end":{"line":44,"column":29}},"27":{"start":{"line":46,"column":0},"end":{"line":46,"column":30}},"28":{"start":{"line":47,"column":0},"end":{"line":47,"column":34}},"29":{"start":{"line":49,"column":0},"end":{"line":51,"column":3}},"30":{"start":{"line":50,"column":2},"end":{"line":50,"column":37}},"31":{"start":{"line":53,"column":0},"end":{"line":53,"column":21}}},"fnMap":{"0":{"name":"(anonymous_0)","decl":{"start":{"line":19,"column":8},"end":{"line":19,"column":9}},"loc":{"start":{"line":19,"column":20},"end":{"line":23,"column":3}},"line":19},"1":{"name":"(anonymous_1)","decl":{"start":{"line":20,"column":21},"end":{"line":20,"column":22}},"loc":{"start":{"line":20,"column":27},"end":{"line":22,"column":5}},"line":20},"2":{"name":"(anonymous_2)","decl":{"start":{"line":24,"column":9},"end":{"line":24,"column":10}},"loc":{"start":{"line":24,"column":20},"end":{"line":26,"column":3}},"line":24},"3":{"name":"(anonymous_3)","decl":{"start":{"line":49,"column":8},"end":{"line":49,"column":9}},"loc":{"start":{"line":49,"column":22},"end":{"line":51,"column":1}},"line":49}},"branchMap":{"0":{"loc":{"start":{"line":30,"column":10},"end":{"line":30,"column":46}},"type":"binary-expr","locations":[{"start":{"line":30,"column":10},"end":{"line":30,"column":39}},{"start":{"line":30,"column":43},"end":{"line":30,"column":46}}],"line":30}},"s":{"0":1,"1":1,"2":1,"3":1,"4":1,"5":1,"6":1,"7":1,"8":1,"9":1,"10":1,"11":1,"12":1,"13":1,"14":1,"15":1,"16":0,"17":1,"18":1,"19":1,"20":1,"21":1,"22":1,"23":1,"24":1,"25":1,"26":1,"27":1,"28":1,"29":1,"30":0,"31":1},"f":{"0":1,"1":1,"2":0,"3":0},"b":{"0":[1,1]},"_coverageSchema":"1a1c01bbd47fc00a2c39e90264f33305004495a9","hash":"e908727945332002ed260e388f78e4b32aad5418"}
,"C:\\Users\\sir\\Desktop\\New folder\\voting-system\\backend\\src\\setupTests.js": {"path":"C:\\Users\\sir\\Desktop\\New folder\\voting-system\\backend\\src\\setupTests.js","statementMap":{"0":{"start":{"line":1,"column":18},"end":{"line":1,"column":44}},"1":{"start":{"line":2,"column":12},"end":{"line":2,"column":30}},"2":{"start":{"line":3,"column":13},"end":{"line":3,"column":28}},"3":{"start":{"line":7,"column":0},"end":{"line":16,"column":3}},"4":{"start":{"line":8,"column":2},"end":{"line":8,"column":25}},"5":{"start":{"line":11,"column":2},"end":{"line":11,"column":25}},"6":{"start":{"line":14,"column":2},"end":{"line":14,"column":34}},"7":{"start":{"line":15,"column":2},"end":{"line":15,"column":73}},"8":{"start":{"line":15,"column":33},"end":{"line":15,"column":71}},"9":{"start":{"line":18,"column":0},"end":{"line":24,"column":3}},"10":{"start":{"line":20,"column":2},"end":{"line":20,"column":56}},"11":{"start":{"line":20,"column":33},"end":{"line":20,"column":54}},"12":{"start":{"line":23,"column":2},"end":{"line":23,"column":26}},"13":{"start":{"line":26,"column":0},"end":{"line":26,"column":21}}},"fnMap":{"0":{"name":"(anonymous_0)","decl":{"start":{"line":7,"column":10},"end":{"line":7,"column":11}},"loc":{"start":{"line":7,"column":22},"end":{"line":16,"column":1}},"line":7},"1":{"name":"(anonymous_1)","decl":{"start":{"line":15,"column":20},"end":{"line":15,"column":21}},"loc":{"start":{"line":15,"column":33},"end":{"line":15,"column":71}},"line":15},"2":{"name":"(anonymous_2)","decl":{"start":{"line":18,"column":9},"end":{"line":18,"column":10}},"loc":{"start":{"line":18,"column":21},"end":{"line":24,"column":1}},"line":18},"3":{"name":"(anonymous_3)","decl":{"start":{"line":20,"column":20},"end":{"line":20,"column":21}},"loc":{"start":{"line":20,"column":33},"end":{"line":20,"column":54}},"line":20}},"branchMap":{},"s":{"0":1,"1":1,"2":1,"3":1,"4":1,"5":1,"6":1,"7":1,"8":1,"9":1,"10":1,"11":1,"12":1,"13":1},"f":{"0":1,"1":1,"2":1,"3":1},"b":{},"_coverageSchema":"1a1c01bbd47fc00a2c39e90264f33305004495a9","hash":"46b810c7a7515c2cf902753c4857207d30ae4cc1"}
,"C:\\Users\\sir\\Desktop\\New folder\\voting-system\\backend\\src\\controllers\\auth.js": {"path":"C:\\Users\\sir\\Desktop\\New folder\\voting-system\\backend\\src\\controllers\\auth.js","statementMap":{"0":{"start":{"line":1,"column":13},"end":{"line":1,"column":38}},"1":{"start":{"line":2,"column":16},"end":{"line":2,"column":44}},"2":{"start":{"line":3,"column":23},"end":{"line":3,"column":38}},"3":{"start":{"line":5,"column":0},"end":{"line":22,"column":2}},"4":{"start":{"line":6,"column":15},"end":{"line":6,"column":28}},"5":{"start":{"line":7,"column":16},"end":{"line":7,"column":30}},"6":{"start":{"line":8,"column":19},"end":{"line":8,"column":36}},"7":{"start":{"line":9,"column":2},"end":{"line":21,"column":3}},"8":{"start":{"line":10,"column":25},"end":{"line":10,"column":55}},"9":{"start":{"line":11,"column":4},"end":{"line":15,"column":5}},"10":{"start":{"line":12,"column":6},"end":{"line":14,"column":66}},"11":{"start":{"line":16,"column":4},"end":{"line":16,"column":49}},"12":{"start":{"line":17,"column":4},"end":{"line":17,"column":54}},"13":{"start":{"line":19,"column":4},"end":{"line":19,"column":25}},"14":{"start":{"line":20,"column":4},"end":{"line":20,"column":63}},"15":{"start":{"line":24,"column":0},"end":{"line":48,"column":2}},"16":{"start":{"line":25,"column":16},"end":{"line":25,"column":30}},"17":{"start":{"line":26,"column":19},"end":{"line":26,"column":36}},"18":{"start":{"line":27,"column":2},"end":{"line":47,"column":3}},"19":{"start":{"line":28,"column":17},"end":{"line":28,"column":47}},"20":{"start":{"line":29,"column":22},"end":{"line":29,"column":73}},"21":{"start":{"line":30,"column":4},"end":{"line":32,"column":5}},"22":{"start":{"line":31,"column":6},"end":{"line":31,"column":76}},"23":{"start":{"line":34,"column":18},"end":{"line":34,"column":26}},"24":{"start":{"line":35,"column":22},"end":{"line":38,"column":24}},"25":{"start":{"line":39,"column":4},"end":{"line":39,"column":59}},"26":{"start":{"line":40,"column":4},"end":{"line":43,"column":7}},"27":{"start":{"line":45,"column":4},"end":{"line":45,"column":25}},"28":{"start":{"line":46,"column":4},"end":{"line":46,"column":63}},"29":{"start":{"line":50,"column":0},"end":{"line":71,"column":2}},"30":{"start":{"line":51,"column":22},"end":{"line":51,"column":50}},"31":{"start":{"line":52,"column":2},"end":{"line":55,"column":3}},"32":{"start":{"line":53,"column":4},"end":{"line":53,"column":56}},"33":{"start":{"line":54,"column":4},"end":{"line":54,"column":11}},"34":{"start":{"line":56,"column":2},"end":{"line":70,"column":3}},"35":{"start":{"line":57,"column":18},"end":{"line":57,"column":58}},"36":{"start":{"line":58,"column":18},"end":{"line":58,"column":51}},"37":{"start":{"line":59,"column":4},"end":{"line":62,"column":5}},"38":{"start":{"line":60,"column":6},"end":{"line":60,"column":77}},"39":{"start":{"line":61,"column":6},"end":{"line":61,"column":13}},"40":{"start":{"line":64,"column":19},"end":{"line":64,"column":33}},"41":{"start":{"line":65,"column":4},"end":{"line":65,"column":39}},"42":{"start":{"line":66,"column":4},"end":{"line":66,"column":44}},"43":{"start":{"line":68,"column":4},"end":{"line":68,"column":25}},"44":{"start":{"line":69,"column":4},"end":{"line":69,"column":63}},"45":{"start":{"line":73,"column":0},"end":{"line":79,"column":2}},"46":{"start":{"line":74,"column":22},"end":{"line":76,"column":10}},"47":{"start":{"line":77,"column":16},"end":{"line":77,"column":56}},"48":{"start":{"line":78,"column":2},"end":{"line":78,"column":34}},"49":{"start":{"line":81,"column":0},"end":{"line":87,"column":2}},"50":{"start":{"line":82,"column":22},"end":{"line":84,"column":10}},"51":{"start":{"line":85,"column":16},"end":{"line":85,"column":56}},"52":{"start":{"line":86,"column":2},"end":{"line":86,"column":34}}},"fnMap":{"0":{"name":"(anonymous_0)","decl":{"start":{"line":5,"column":19},"end":{"line":5,"column":20}},"loc":{"start":{"line":5,"column":45},"end":{"line":22,"column":1}},"line":5},"1":{"name":"(anonymous_1)","decl":{"start":{"line":24,"column":16},"end":{"line":24,"column":17}},"loc":{"start":{"line":24,"column":42},"end":{"line":48,"column":1}},"line":24},"2":{"name":"(anonymous_2)","decl":{"start":{"line":50,"column":17},"end":{"line":50,"column":18}},"loc":{"start":{"line":50,"column":43},"end":{"line":71,"column":1}},"line":50},"3":{"name":"(anonymous_3)","decl":{"start":{"line":73,"column":19},"end":{"line":73,"column":20}},"loc":{"start":{"line":73,"column":45},"end":{"line":79,"column":1}},"line":73},"4":{"name":"(anonymous_4)","decl":{"start":{"line":81,"column":22},"end":{"line":81,"column":23}},"loc":{"start":{"line":81,"column":48},"end":{"line":87,"column":1}},"line":81}},"branchMap":{"0":{"loc":{"start":{"line":11,"column":4},"end":{"line":15,"column":5}},"type":"if","locations":[{"start":{"line":11,"column":4},"end":{"line":15,"column":5}},{"start":{},"end":{}}],"line":11},"1":{"loc":{"start":{"line":30,"column":4},"end":{"line":32,"column":5}},"type":"if","locations":[{"start":{"line":30,"column":4},"end":{"line":32,"column":5}},{"start":{},"end":{}}],"line":30},"2":{"loc":{"start":{"line":30,"column":8},"end":{"line":30,"column":27}},"type":"binary-expr","locations":[{"start":{"line":30,"column":8},"end":{"line":30,"column":13}},{"start":{"line":30,"column":17},"end":{"line":30,"column":27}}],"line":30},"3":{"loc":{"start":{"line":52,"column":2},"end":{"line":55,"column":3}},"type":"if","locations":[{"start":{"line":52,"column":2},"end":{"line":55,"column":3}},{"start":{},"end":{}}],"line":52},"4":{"loc":{"start":{"line":57,"column":18},"end":{"line":57,"column":58}},"type":"binary-expr","locations":[{"start":{"line":57,"column":18},"end":{"line":57,"column":29}},{"start":{"line":57,"column":33},"end":{"line":57,"column":58}}],"line":57},"5":{"loc":{"start":{"line":59,"column":4},"end":{"line":62,"column":5}},"type":"if","locations":[{"start":{"line":59,"column":4},"end":{"line":62,"column":5}},{"start":{},"end":{}}],"line":59},"6":{"loc":{"start":{"line":74,"column":22},"end":{"line":76,"column":10}},"type":"cond-expr","locations":[{"start":{"line":75,"column":6},"end":{"line":75,"column":34}},{"start":{"line":76,"column":6},"end":{"line":76,"column":10}}],"line":74},"7":{"loc":{"start":{"line":77,"column":16},"end":{"line":77,"column":56}},"type":"binary-expr","locations":[{"start":{"line":77,"column":16},"end":{"line":77,"column":27}},{"start":{"line":77,"column":31},"end":{"line":77,"column":56}}],"line":77},"8":{"loc":{"start":{"line":82,"column":22},"end":{"line":84,"column":10}},"type":"cond-expr","locations":[{"start":{"line":83,"column":6},"end":{"line":83,"column":34}},{"start":{"line":84,"column":6},"end":{"line":84,"column":10}}],"line":82},"9":{"loc":{"start":{"line":85,"column":16},"end":{"line":85,"column":56}},"type":"binary-expr","locations":[{"start":{"line":85,"column":16},"end":{"line":85,"column":27}},{"start":{"line":85,"column":31},"end":{"line":85,"column":56}}],"line":85}},"s":{"0":1,"1":1,"2":1,"3":1,"4":3,"5":3,"6":3,"7":3,"8":3,"9":3,"10":2,"11":1,"12":1,"13":0,"14":0,"15":1,"16":1,"17":1,"18":1,"19":1,"20":1,"21":1,"22":0,"23":1,"24":1,"25":1,"26":1,"27":0,"28":0,"29":1,"30":0,"31":0,"32":0,"33":0,"34":0,"35":0,"36":0,"37":0,"38":0,"39":0,"40":0,"41":0,"42":0,"43":0,"44":0,"45":1,"46":0,"47":0,"48":0,"49":1,"50":0,"51":0,"52":0},"f":{"0":3,"1":1,"2":0,"3":0,"4":0},"b":{"0":[2,1],"1":[0,1],"2":[1,1],"3":[0,0],"4":[0,0],"5":[0,0],"6":[0,0],"7":[0,0],"8":[0,0],"9":[0,0]},"_coverageSchema":"1a1c01bbd47fc00a2c39e90264f33305004495a9","hash":"540ca7490427854e6972a820afacf9eb1dff5035"}
,"C:\\Users\\sir\\Desktop\\New folder\\voting-system\\backend\\src\\controllers\\error.js": {"path":"C:\\Users\\sir\\Desktop\\New folder\\voting-system\\backend\\src\\controllers\\error.js","statementMap":{"0":{"start":{"line":1,"column":24},"end":{"line":9,"column":1}},"1":{"start":{"line":3,"column":24},"end":{"line":5,"column":12}},"2":{"start":{"line":6,"column":18},"end":{"line":6,"column":58}},"3":{"start":{"line":7,"column":4},"end":{"line":7,"column":37}},"4":{"start":{"line":11,"column":0},"end":{"line":11,"column":33}}},"fnMap":{"0":{"name":"(anonymous_0)","decl":{"start":{"line":2,"column":12},"end":{"line":2,"column":13}},"loc":{"start":{"line":2,"column":26},"end":{"line":8,"column":3}},"line":2}},"branchMap":{"0":{"loc":{"start":{"line":3,"column":24},"end":{"line":5,"column":12}},"type":"cond-expr","locations":[{"start":{"line":4,"column":8},"end":{"line":4,"column":36}},{"start":{"line":5,"column":8},"end":{"line":5,"column":12}}],"line":3},"1":{"loc":{"start":{"line":6,"column":18},"end":{"line":6,"column":58}},"type":"binary-expr","locations":[{"start":{"line":6,"column":18},"end":{"line":6,"column":29}},{"start":{"line":6,"column":33},"end":{"line":6,"column":58}}],"line":6}},"s":{"0":1,"1":0,"2":0,"3":0,"4":1},"f":{"0":0},"b":{"0":[0,0],"1":[0,0]},"_coverageSchema":"1a1c01bbd47fc00a2c39e90264f33305004495a9","hash":"91544a99af6832c9fc78e576a8183d45477b4e13"}
,"C:\\Users\\sir\\Desktop\\New folder\\voting-system\\backend\\src\\controllers\\main.js": {"path":"C:\\Users\\sir\\Desktop\\New folder\\voting-system\\backend\\src\\controllers\\main.js","statementMap":{"0":{"start":{"line":1,"column":19},"end":{"line":1,"column":46}},"1":{"start":{"line":2,"column":13},"end":{"line":2,"column":38}},"2":{"start":{"line":3,"column":15},"end":{"line":3,"column":35}},"3":{"start":{"line":5,"column":0},"end":{"line":52,"column":2}},"4":{"start":{"line":6,"column":15},"end":{"line":6,"column":44}},"5":{"start":{"line":7,"column":17},"end":{"line":7,"column":57}},"6":{"start":{"line":8,"column":23},"end":{"line":14,"column":4}},"7":{"start":{"line":15,"column":19},"end":{"line":15,"column":60}},"8":{"start":{"line":16,"column":21},"end":{"line":16,"column":42}},"9":{"start":{"line":17,"column":19},"end":{"line":17,"column":34}},"10":{"start":{"line":18,"column":18},"end":{"line":18,"column":20}},"11":{"start":{"line":19,"column":2},"end":{"line":51,"column":3}},"12":{"start":{"line":20,"column":4},"end":{"line":30,"column":7}},"13":{"start":{"line":31,"column":4},"end":{"line":37,"column":6}},"14":{"start":{"line":38,"column":4},"end":{"line":40,"column":6}},"15":{"start":{"line":42,"column":24},"end":{"line":44,"column":12}},"16":{"start":{"line":46,"column":18},"end":{"line":46,"column":58}},"17":{"start":{"line":47,"column":4},"end":{"line":47,"column":45}},"18":{"start":{"line":49,"column":4},"end":{"line":49,"column":21}},"19":{"start":{"line":50,"column":4},"end":{"line":50,"column":24}}},"fnMap":{"0":{"name":"(anonymous_0)","decl":{"start":{"line":5,"column":21},"end":{"line":5,"column":22}},"loc":{"start":{"line":5,"column":47},"end":{"line":52,"column":1}},"line":5}},"branchMap":{"0":{"loc":{"start":{"line":6,"column":15},"end":{"line":6,"column":44}},"type":"binary-expr","locations":[{"start":{"line":6,"column":15},"end":{"line":6,"column":39}},{"start":{"line":6,"column":43},"end":{"line":6,"column":44}}],"line":6},"1":{"loc":{"start":{"line":7,"column":17},"end":{"line":7,"column":57}},"type":"binary-expr","locations":[{"start":{"line":7,"column":17},"end":{"line":7,"column":33}},{"start":{"line":7,"column":37},"end":{"line":7,"column":57}}],"line":7},"2":{"loc":{"start":{"line":15,"column":19},"end":{"line":15,"column":60}},"type":"binary-expr","locations":[{"start":{"line":15,"column":19},"end":{"line":15,"column":44}},{"start":{"line":15,"column":48},"end":{"line":15,"column":60}}],"line":15},"3":{"loc":{"start":{"line":42,"column":24},"end":{"line":44,"column":12}},"type":"cond-expr","locations":[{"start":{"line":43,"column":8},"end":{"line":43,"column":35}},{"start":{"line":44,"column":8},"end":{"line":44,"column":12}}],"line":42},"4":{"loc":{"start":{"line":46,"column":18},"end":{"line":46,"column":58}},"type":"binary-expr","locations":[{"start":{"line":46,"column":18},"end":{"line":46,"column":29}},{"start":{"line":46,"column":33},"end":{"line":46,"column":58}}],"line":46}},"s":{"0":1,"1":1,"2":1,"3":1,"4":1,"5":1,"6":1,"7":1,"8":1,"9":1,"10":1,"11":1,"12":1,"13":1,"14":1,"15":1,"16":1,"17":1,"18":0,"19":0},"f":{"0":1},"b":{"0":[1,1],"1":[1,1],"2":[1,1],"3":[0,1],"4":[1,0]},"_coverageSchema":"1a1c01bbd47fc00a2c39e90264f33305004495a9","hash":"32179f460f5b1c00dccf8fcc47f0f3da3470e7a3"}
,"C:\\Users\\sir\\Desktop\\New folder\\voting-system\\backend\\src\\controllers\\votings.js": {"path":"C:\\Users\\sir\\Desktop\\New folder\\voting-system\\backend\\src\\controllers\\votings.js","statementMap":{"0":{"start":{"line":1,"column":30},"end":{"line":1,"column":57}},"1":{"start":{"line":2,"column":13},"end":{"line":2,"column":38}},"2":{"start":{"line":3,"column":13},"end":{"line":3,"column":38}},"3":{"start":{"line":4,"column":16},"end":{"line":4,"column":44}},"4":{"start":{"line":6,"column":0},"end":{"line":46,"column":2}},"5":{"start":{"line":7,"column":19},"end":{"line":7,"column":32}},"6":{"start":{"line":8,"column":22},"end":{"line":10,"column":10}},"7":{"start":{"line":11,"column":15},"end":{"line":11,"column":19}},"8":{"start":{"line":12,"column":16},"end":{"line":12,"column":56}},"9":{"start":{"line":13,"column":2},"end":{"line":45,"column":3}},"10":{"start":{"line":14,"column":4},"end":{"line":19,"column":5}},"11":{"start":{"line":15,"column":20},"end":{"line":15,"column":53}},"12":{"start":{"line":16,"column":6},"end":{"line":18,"column":7}},"13":{"start":{"line":17,"column":8},"end":{"line":17,"column":32}},"14":{"start":{"line":20,"column":19},"end":{"line":22,"column":6}},"15":{"start":{"line":23,"column":4},"end":{"line":25,"column":5}},"16":{"start":{"line":24,"column":6},"end":{"line":24,"column":67}},"17":{"start":{"line":26,"column":23},"end":{"line":26,"column":71}},"18":{"start":{"line":28,"column":4},"end":{"line":32,"column":5}},"19":{"start":{"line":29,"column":6},"end":{"line":31,"column":9}},"20":{"start":{"line":33,"column":4},"end":{"line":33,"column":46}},"21":{"start":{"line":34,"column":4},"end":{"line":39,"column":7}},"22":{"start":{"line":41,"column":4},"end":{"line":41,"column":23}},"23":{"start":{"line":42,"column":4},"end":{"line":44,"column":70}},"24":{"start":{"line":48,"column":0},"end":{"line":65,"column":2}},"25":{"start":{"line":49,"column":16},"end":{"line":49,"column":36}},"26":{"start":{"line":50,"column":22},"end":{"line":50,"column":48}},"27":{"start":{"line":51,"column":18},"end":{"line":51,"column":34}},"28":{"start":{"line":52,"column":17},"end":{"line":52,"column":27}},"29":{"start":{"line":53,"column":2},"end":{"line":64,"column":3}},"30":{"start":{"line":54,"column":4},"end":{"line":59,"column":6}},"31":{"start":{"line":60,"column":4},"end":{"line":60,"column":74}},"32":{"start":{"line":62,"column":4},"end":{"line":62,"column":25}},"33":{"start":{"line":63,"column":4},"end":{"line":63,"column":61}},"34":{"start":{"line":67,"column":0},"end":{"line":78,"column":2}},"35":{"start":{"line":68,"column":19},"end":{"line":68,"column":32}},"36":{"start":{"line":69,"column":22},"end":{"line":69,"column":42}},"37":{"start":{"line":70,"column":17},"end":{"line":70,"column":27}},"38":{"start":{"line":71,"column":2},"end":{"line":77,"column":3}},"39":{"start":{"line":72,"column":4},"end":{"line":72,"column":63}},"40":{"start":{"line":73,"column":4},"end":{"line":73,"column":66}},"41":{"start":{"line":75,"column":4},"end":{"line":75,"column":25}},"42":{"start":{"line":76,"column":4},"end":{"line":76,"column":53}},"43":{"start":{"line":80,"column":0},"end":{"line":92,"column":2}},"44":{"start":{"line":81,"column":19},"end":{"line":81,"column":32}},"45":{"start":{"line":82,"column":17},"end":{"line":82,"column":27}},"46":{"start":{"line":83,"column":2},"end":{"line":91,"column":3}},"47":{"start":{"line":84,"column":4},"end":{"line":84,"column":47}},"48":{"start":{"line":85,"column":4},"end":{"line":85,"column":68}},"49":{"start":{"line":87,"column":4},"end":{"line":87,"column":25}},"50":{"start":{"line":88,"column":4},"end":{"line":90,"column":71}},"51":{"start":{"line":94,"column":0},"end":{"line":104,"column":2}},"52":{"start":{"line":95,"column":19},"end":{"line":95,"column":32}},"53":{"start":{"line":96,"column":17},"end":{"line":96,"column":27}},"54":{"start":{"line":97,"column":2},"end":{"line":103,"column":3}},"55":{"start":{"line":98,"column":4},"end":{"line":98,"column":46}},"56":{"start":{"line":99,"column":4},"end":{"line":99,"column":68}},"57":{"start":{"line":101,"column":4},"end":{"line":101,"column":25}},"58":{"start":{"line":102,"column":4},"end":{"line":102,"column":62}},"59":{"start":{"line":106,"column":0},"end":{"line":131,"column":2}},"60":{"start":{"line":107,"column":19},"end":{"line":107,"column":32}},"61":{"start":{"line":108,"column":22},"end":{"line":110,"column":10}},"62":{"start":{"line":111,"column":2},"end":{"line":130,"column":3}},"63":{"start":{"line":112,"column":19},"end":{"line":114,"column":6}},"64":{"start":{"line":115,"column":4},"end":{"line":117,"column":5}},"65":{"start":{"line":116,"column":6},"end":{"line":116,"column":67}},"66":{"start":{"line":118,"column":23},"end":{"line":118,"column":71}},"67":{"start":{"line":119,"column":18},"end":{"line":119,"column":58}},"68":{"start":{"line":120,"column":4},"end":{"line":124,"column":7}},"69":{"start":{"line":126,"column":4},"end":{"line":126,"column":23}},"70":{"start":{"line":127,"column":4},"end":{"line":129,"column":70}},"71":{"start":{"line":133,"column":0},"end":{"line":145,"column":2}},"72":{"start":{"line":134,"column":19},"end":{"line":134,"column":32}},"73":{"start":{"line":135,"column":17},"end":{"line":135,"column":27}},"74":{"start":{"line":136,"column":2},"end":{"line":144,"column":3}},"75":{"start":{"line":137,"column":4},"end":{"line":137,"column":45}},"76":{"start":{"line":138,"column":4},"end":{"line":138,"column":69}},"77":{"start":{"line":140,"column":4},"end":{"line":140,"column":25}},"78":{"start":{"line":141,"column":4},"end":{"line":143,"column":72}},"79":{"start":{"line":147,"column":0},"end":{"line":159,"column":2}},"80":{"start":{"line":148,"column":19},"end":{"line":148,"column":32}},"81":{"start":{"line":149,"column":17},"end":{"line":149,"column":27}},"82":{"start":{"line":150,"column":2},"end":{"line":158,"column":3}},"83":{"start":{"line":151,"column":4},"end":{"line":151,"column":48}},"84":{"start":{"line":152,"column":4},"end":{"line":152,"column":44}},"85":{"start":{"line":154,"column":4},"end":{"line":154,"column":25}},"86":{"start":{"line":155,"column":4},"end":{"line":157,"column":72}}},"fnMap":{"0":{"name":"(anonymous_0)","decl":{"start":{"line":6,"column":20},"end":{"line":6,"column":21}},"loc":{"start":{"line":6,"column":46},"end":{"line":46,"column":1}},"line":6},"1":{"name":"(anonymous_1)","decl":{"start":{"line":48,"column":20},"end":{"line":48,"column":21}},"loc":{"start":{"line":48,"column":46},"end":{"line":65,"column":1}},"line":48},"2":{"name":"(anonymous_2)","decl":{"start":{"line":67,"column":19},"end":{"line":67,"column":20}},"loc":{"start":{"line":67,"column":45},"end":{"line":78,"column":1}},"line":67},"3":{"name":"(anonymous_3)","decl":{"start":{"line":80,"column":22},"end":{"line":80,"column":23}},"loc":{"start":{"line":80,"column":48},"end":{"line":92,"column":1}},"line":80},"4":{"name":"(anonymous_4)","decl":{"start":{"line":94,"column":21},"end":{"line":94,"column":22}},"loc":{"start":{"line":94,"column":47},"end":{"line":104,"column":1}},"line":94},"5":{"name":"(anonymous_5)","decl":{"start":{"line":106,"column":20},"end":{"line":106,"column":21}},"loc":{"start":{"line":106,"column":46},"end":{"line":131,"column":1}},"line":106},"6":{"name":"(anonymous_6)","decl":{"start":{"line":133,"column":22},"end":{"line":133,"column":23}},"loc":{"start":{"line":133,"column":48},"end":{"line":145,"column":1}},"line":133},"7":{"name":"(anonymous_7)","decl":{"start":{"line":147,"column":23},"end":{"line":147,"column":24}},"loc":{"start":{"line":147,"column":49},"end":{"line":159,"column":1}},"line":147}},"branchMap":{"0":{"loc":{"start":{"line":8,"column":22},"end":{"line":10,"column":10}},"type":"cond-expr","locations":[{"start":{"line":9,"column":6},"end":{"line":9,"column":34}},{"start":{"line":10,"column":6},"end":{"line":10,"column":10}}],"line":8},"1":{"loc":{"start":{"line":12,"column":16},"end":{"line":12,"column":56}},"type":"binary-expr","locations":[{"start":{"line":12,"column":16},"end":{"line":12,"column":27}},{"start":{"line":12,"column":31},"end":{"line":12,"column":56}}],"line":12},"2":{"loc":{"start":{"line":14,"column":4},"end":{"line":19,"column":5}},"type":"if","locations":[{"start":{"line":14,"column":4},"end":{"line":19,"column":5}},{"start":{},"end":{}}],"line":14},"3":{"loc":{"start":{"line":16,"column":6},"end":{"line":18,"column":7}},"type":"if","locations":[{"start":{"line":16,"column":6},"end":{"line":18,"column":7}},{"start":{},"end":{}}],"line":16},"4":{"loc":{"start":{"line":23,"column":4},"end":{"line":25,"column":5}},"type":"if","locations":[{"start":{"line":23,"column":4},"end":{"line":25,"column":5}},{"start":{},"end":{}}],"line":23},"5":{"loc":{"start":{"line":28,"column":4},"end":{"line":32,"column":5}},"type":"if","locations":[{"start":{"line":28,"column":4},"end":{"line":32,"column":5}},{"start":{},"end":{}}],"line":28},"6":{"loc":{"start":{"line":33,"column":11},"end":{"line":33,"column":45}},"type":"cond-expr","locations":[{"start":{"line":33,"column":18},"end":{"line":33,"column":33}},{"start":{"line":33,"column":36},"end":{"line":33,"column":45}}],"line":33},"7":{"loc":{"start":{"line":108,"column":22},"end":{"line":110,"column":10}},"type":"cond-expr","locations":[{"start":{"line":109,"column":6},"end":{"line":109,"column":34}},{"start":{"line":110,"column":6},"end":{"line":110,"column":10}}],"line":108},"8":{"loc":{"start":{"line":115,"column":4},"end":{"line":117,"column":5}},"type":"if","locations":[{"start":{"line":115,"column":4},"end":{"line":117,"column":5}},{"start":{},"end":{}}],"line":115},"9":{"loc":{"start":{"line":119,"column":18},"end":{"line":119,"column":58}},"type":"binary-expr","locations":[{"start":{"line":119,"column":18},"end":{"line":119,"column":29}},{"start":{"line":119,"column":33},"end":{"line":119,"column":58}}],"line":119}},"s":{"0":2,"1":2,"2":2,"3":2,"4":2,"5":4,"6":4,"7":4,"8":4,"9":4,"10":4,"11":3,"12":3,"13":3,"14":4,"15":3,"16":1,"17":2,"18":2,"19":1,"20":2,"21":2,"22":1,"23":1,"24":2,"25":3,"26":3,"27":3,"28":3,"29":3,"30":3,"31":2,"32":1,"33":1,"34":2,"35":2,"36":2,"37":2,"38":2,"39":2,"40":1,"41":1,"42":1,"43":2,"44":2,"45":2,"46":2,"47":2,"48":1,"49":1,"50":1,"51":2,"52":2,"53":2,"54":2,"55":2,"56":1,"57":1,"58":1,"59":2,"60":2,"61":2,"62":2,"63":2,"64":1,"65":0,"66":1,"67":1,"68":1,"69":1,"70":1,"71":2,"72":2,"73":2,"74":2,"75":2,"76":1,"77":1,"78":1,"79":2,"80":2,"81":2,"82":2,"83":2,"84":1,"85":1,"86":1},"f":{"0":4,"1":3,"2":2,"3":2,"4":2,"5":2,"6":2,"7":2},"b":{"0":[3,1],"1":[4,3],"2":[3,1],"3":[3,0],"4":[1,2],"5":[1,1],"6":[1,1],"7":[2,0],"8":[0,1],"9":[1,1]},"_coverageSchema":"1a1c01bbd47fc00a2c39e90264f33305004495a9","hash":"478ca9ec965550ac6d2c510576bc8864ba515d0b"}
,"C:\\Users\\sir\\Desktop\\New folder\\voting-system\\backend\\src\\middleware\\auth.js": {"path":"C:\\Users\\sir\\Desktop\\New folder\\voting-system\\backend\\src\\middleware\\auth.js","statementMap":{"0":{"start":{"line":1,"column":16},"end":{"line":1,"column":34}},"1":{"start":{"line":2,"column":15},"end":{"line":2,"column":31}},"2":{"start":{"line":3,"column":16},"end":{"line":3,"column":44}},"3":{"start":{"line":5,"column":22},"end":{"line":17,"column":1}},"4":{"start":{"line":6,"column":22},"end":{"line":6,"column":50}},"5":{"start":{"line":7,"column":16},"end":{"line":7,"column":56}},"6":{"start":{"line":8,"column":2},"end":{"line":10,"column":3}},"7":{"start":{"line":9,"column":4},"end":{"line":9,"column":70}},"8":{"start":{"line":11,"column":16},"end":{"line":11,"column":49}},"9":{"start":{"line":12,"column":2},"end":{"line":14,"column":3}},"10":{"start":{"line":13,"column":4},"end":{"line":13,"column":80}},"11":{"start":{"line":15,"column":2},"end":{"line":15,"column":30}},"12":{"start":{"line":16,"column":2},"end":{"line":16,"column":9}},"13":{"start":{"line":19,"column":0},"end":{"line":19,"column":31}}},"fnMap":{"0":{"name":"(anonymous_0)","decl":{"start":{"line":5,"column":22},"end":{"line":5,"column":23}},"loc":{"start":{"line":5,"column":48},"end":{"line":17,"column":1}},"line":5}},"branchMap":{"0":{"loc":{"start":{"line":7,"column":16},"end":{"line":7,"column":56}},"type":"binary-expr","locations":[{"start":{"line":7,"column":16},"end":{"line":7,"column":27}},{"start":{"line":7,"column":31},"end":{"line":7,"column":56}}],"line":7},"1":{"loc":{"start":{"line":8,"column":2},"end":{"line":10,"column":3}},"type":"if","locations":[{"start":{"line":8,"column":2},"end":{"line":10,"column":3}},{"start":{},"end":{}}],"line":8},"2":{"loc":{"start":{"line":12,"column":2},"end":{"line":14,"column":3}},"type":"if","locations":[{"start":{"line":12,"column":2},"end":{"line":14,"column":3}},{"start":{},"end":{}}],"line":12},"3":{"loc":{"start":{"line":12,"column":6},"end":{"line":12,"column":49}},"type":"binary-expr","locations":[{"start":{"line":12,"column":6},"end":{"line":12,"column":14}},{"start":{"line":12,"column":18},"end":{"line":12,"column":49}}],"line":12}},"s":{"0":1,"1":1,"2":1,"3":1,"4":1,"5":1,"6":1,"7":0,"8":1,"9":1,"10":0,"11":1,"12":1,"13":1},"f":{"0":1},"b":{"0":[1,1],"1":[0,1],"2":[0,1],"3":[1,1]},"_coverageSchema":"1a1c01bbd47fc00a2c39e90264f33305004495a9","hash":"0dc2ba93b597e18e9ae3f1f468e2548e1e0933a7"}
,"C:\\Users\\sir\\Desktop\\New folder\\voting-system\\backend\\src\\models\\associations.js": {"path":"C:\\Users\\sir\\Desktop\\New folder\\voting-system\\backend\\src\\models\\associations.js","statementMap":{"0":{"start":{"line":1,"column":18},"end":{"line":1,"column":38}},"1":{"start":{"line":2,"column":18},"end":{"line":2,"column":45}},"2":{"start":{"line":4,"column":30},"end":{"line":4,"column":57}},"3":{"start":{"line":5,"column":13},"end":{"line":5,"column":38}},"4":{"start":{"line":6,"column":13},"end":{"line":6,"column":38}},"5":{"start":{"line":7,"column":16},"end":{"line":7,"column":44}},"6":{"start":{"line":9,"column":0},"end":{"line":9,"column":45}},"7":{"start":{"line":10,"column":0},"end":{"line":10,"column":47}},"8":{"start":{"line":12,"column":0},"end":{"line":12,"column":49}},"9":{"start":{"line":13,"column":0},"end":{"line":13,"column":64}},"10":{"start":{"line":14,"column":0},"end":{"line":14,"column":55}},"11":{"start":{"line":16,"column":0},"end":{"line":16,"column":48}},"12":{"start":{"line":17,"column":0},"end":{"line":17,"column":50}},"13":{"start":{"line":19,"column":0},"end":{"line":19,"column":75}},"14":{"start":{"line":20,"column":0},"end":{"line":20,"column":77}},"15":{"start":{"line":21,"column":0},"end":{"line":21,"column":72}},"16":{"start":{"line":22,"column":0},"end":{"line":22,"column":78}},"17":{"start":{"line":23,"column":0},"end":{"line":23,"column":68}}},"fnMap":{},"branchMap":{},"s":{"0":1,"1":1,"2":1,"3":1,"4":1,"5":1,"6":1,"7":1,"8":1,"9":1,"10":1,"11":1,"12":1,"13":1,"14":1,"15":1,"16":1,"17":1},"f":{},"b":{},"_coverageSchema":"1a1c01bbd47fc00a2c39e90264f33305004495a9","hash":"98b803191fad42807f735bc97fab381efb8699eb"}
,"C:\\Users\\sir\\Desktop\\New folder\\voting-system\\backend\\src\\models\\session.js": {"path":"C:\\Users\\sir\\Desktop\\New folder\\voting-system\\backend\\src\\models\\session.js","statementMap":{"0":{"start":{"line":1,"column":18},"end":{"line":1,"column":38}},"1":{"start":{"line":2,"column":18},"end":{"line":2,"column":45}},"2":{"start":{"line":4,"column":16},"end":{"line":23,"column":2}},"3":{"start":{"line":25,"column":0},"end":{"line":28,"column":2}},"4":{"start":{"line":26,"column":19},"end":{"line":26,"column":63}},"5":{"start":{"line":27,"column":2},"end":{"line":27,"column":18}},"6":{"start":{"line":30,"column":0},"end":{"line":37,"column":2}},"7":{"start":{"line":31,"column":18},"end":{"line":35,"column":4}},"8":{"start":{"line":36,"column":2},"end":{"line":36,"column":17}},"9":{"start":{"line":39,"column":0},"end":{"line":42,"column":2}},"10":{"start":{"line":40,"column":17},"end":{"line":40,"column":61}},"11":{"start":{"line":41,"column":2},"end":{"line":41,"column":16}},"12":{"start":{"line":44,"column":0},"end":{"line":47,"column":2}},"13":{"start":{"line":45,"column":18},"end":{"line":45,"column":61}},"14":{"start":{"line":46,"column":2},"end":{"line":46,"column":17}},"15":{"start":{"line":49,"column":0},"end":{"line":49,"column":25}}},"fnMap":{"0":{"name":"(anonymous_0)","decl":{"start":{"line":25,"column":22},"end":{"line":25,"column":23}},"loc":{"start":{"line":25,"column":40},"end":{"line":28,"column":1}},"line":25},"1":{"name":"(anonymous_1)","decl":{"start":{"line":30,"column":24},"end":{"line":30,"column":25}},"loc":{"start":{"line":30,"column":60},"end":{"line":37,"column":1}},"line":30},"2":{"name":"(anonymous_2)","decl":{"start":{"line":39,"column":23},"end":{"line":39,"column":24}},"loc":{"start":{"line":39,"column":41},"end":{"line":42,"column":1}},"line":39},"3":{"name":"(anonymous_3)","decl":{"start":{"line":44,"column":23},"end":{"line":44,"column":24}},"loc":{"start":{"line":44,"column":40},"end":{"line":47,"column":1}},"line":44}},"branchMap":{},"s":{"0":2,"1":2,"2":2,"3":2,"4":0,"5":0,"6":2,"7":1,"8":1,"9":2,"10":0,"11":0,"12":2,"13":1,"14":1,"15":2},"f":{"0":0,"1":1,"2":0,"3":1},"b":{},"_coverageSchema":"1a1c01bbd47fc00a2c39e90264f33305004495a9","hash":"c71ba9df10f18a1ea03f5b5955b346d71c7cd4de"}
,"C:\\Users\\sir\\Desktop\\New folder\\voting-system\\backend\\src\\models\\user.js": {"path":"C:\\Users\\sir\\Desktop\\New folder\\voting-system\\backend\\src\\models\\user.js","statementMap":{"0":{"start":{"line":1,"column":15},"end":{"line":1,"column":32}},"1":{"start":{"line":2,"column":18},"end":{"line":2,"column":38}},"2":{"start":{"line":3,"column":18},"end":{"line":3,"column":45}},"3":{"start":{"line":5,"column":13},"end":{"line":24,"column":2}},"4":{"start":{"line":26,"column":0},"end":{"line":34,"column":2}},"5":{"start":{"line":27,"column":25},"end":{"line":27,"column":56}},"6":{"start":{"line":28,"column":15},"end":{"line":32,"column":4}},"7":{"start":{"line":33,"column":2},"end":{"line":33,"column":14}},"8":{"start":{"line":36,"column":0},"end":{"line":39,"column":2}},"9":{"start":{"line":37,"column":15},"end":{"line":37,"column":55}},"10":{"start":{"line":38,"column":2},"end":{"line":38,"column":14}},"11":{"start":{"line":41,"column":0},"end":{"line":43,"column":2}},"12":{"start":{"line":42,"column":2},"end":{"line":42,"column":50}},"13":{"start":{"line":45,"column":0},"end":{"line":45,"column":22}}},"fnMap":{"0":{"name":"(anonymous_0)","decl":{"start":{"line":26,"column":18},"end":{"line":26,"column":19}},"loc":{"start":{"line":26,"column":51},"end":{"line":34,"column":1}},"line":26},"1":{"name":"(anonymous_1)","decl":{"start":{"line":36,"column":20},"end":{"line":36,"column":21}},"loc":{"start":{"line":36,"column":37},"end":{"line":39,"column":1}},"line":36},"2":{"name":"(anonymous_2)","decl":{"start":{"line":41,"column":23},"end":{"line":41,"column":24}},"loc":{"start":{"line":41,"column":53},"end":{"line":43,"column":1}},"line":41}},"branchMap":{},"s":{"0":2,"1":2,"2":2,"3":2,"4":2,"5":1,"6":1,"7":1,"8":2,"9":4,"10":4,"11":2,"12":1,"13":2},"f":{"0":1,"1":4,"2":1},"b":{},"_coverageSchema":"1a1c01bbd47fc00a2c39e90264f33305004495a9","hash":"1560f82edbe6b78fd13a3bb3e0c0e7cdb9285082"}
,"C:\\Users\\sir\\Desktop\\New folder\\voting-system\\backend\\src\\models\\vote.js": {"path":"C:\\Users\\sir\\Desktop\\New folder\\voting-system\\backend\\src\\models\\vote.js","statementMap":{"0":{"start":{"line":1,"column":18},"end":{"line":1,"column":38}},"1":{"start":{"line":2,"column":18},"end":{"line":2,"column":45}},"2":{"start":{"line":4,"column":13},"end":{"line":17,"column":2}},"3":{"start":{"line":19,"column":0},"end":{"line":23,"column":2}},"4":{"start":{"line":20,"column":2},"end":{"line":22,"column":5}},"5":{"start":{"line":25,"column":0},"end":{"line":30,"column":2}},"6":{"start":{"line":26,"column":2},"end":{"line":29,"column":5}},"7":{"start":{"line":32,"column":0},"end":{"line":62,"column":2}},"8":{"start":{"line":33,"column":32},"end":{"line":33,"column":59}},"9":{"start":{"line":34,"column":22},"end":{"line":34,"column":51}},"10":{"start":{"line":36,"column":2},"end":{"line":61,"column":3}},"11":{"start":{"line":37,"column":19},"end":{"line":37,"column":50}},"12":{"start":{"line":38,"column":4},"end":{"line":40,"column":5}},"13":{"start":{"line":39,"column":6},"end":{"line":39,"column":72}},"14":{"start":{"line":41,"column":17},"end":{"line":41,"column":69}},"15":{"start":{"line":43,"column":4},"end":{"line":45,"column":5}},"16":{"start":{"line":44,"column":6},"end":{"line":44,"column":40}},"17":{"start":{"line":47,"column":24},"end":{"line":47,"column":40}},"18":{"start":{"line":49,"column":4},"end":{"line":49,"column":40}},"19":{"start":{"line":51,"column":22},"end":{"line":51,"column":59}},"20":{"start":{"line":52,"column":4},"end":{"line":52,"column":66}},"21":{"start":{"line":54,"column":4},"end":{"line":54,"column":63}},"22":{"start":{"line":56,"column":4},"end":{"line":56,"column":31}},"23":{"start":{"line":58,"column":4},"end":{"line":58,"column":33}},"24":{"start":{"line":59,"column":4},"end":{"line":59,"column":25}},"25":{"start":{"line":60,"column":4},"end":{"line":60,"column":16}},"26":{"start":{"line":64,"column":0},"end":{"line":64,"column":22}}},"fnMap":{"0":{"name":"(anonymous_0)","decl":{"start":{"line":19,"column":31},"end":{"line":19,"column":32}},"loc":{"start":{"line":19,"column":59},"end":{"line":23,"column":1}},"line":19},"1":{"name":"(anonymous_1)","decl":{"start":{"line":25,"column":20},"end":{"line":25,"column":21}},"loc":{"start":{"line":25,"column":53},"end":{"line":30,"column":1}},"line":25},"2":{"name":"(anonymous_2)","decl":{"start":{"line":32,"column":19},"end":{"line":32,"column":20}},"loc":{"start":{"line":32,"column":47},"end":{"line":62,"column":1}},"line":32}},"branchMap":{"0":{"loc":{"start":{"line":38,"column":4},"end":{"line":40,"column":5}},"type":"if","locations":[{"start":{"line":38,"column":4},"end":{"line":40,"column":5}},{"start":{},"end":{}}],"line":38},"1":{"loc":{"start":{"line":38,"column":8},"end":{"line":38,"column":44}},"type":"binary-expr","locations":[{"start":{"line":38,"column":8},"end":{"line":38,"column":15}},{"start":{"line":38,"column":19},"end":{"line":38,"column":44}}],"line":38},"2":{"loc":{"start":{"line":43,"column":4},"end":{"line":45,"column":5}},"type":"if","locations":[{"start":{"line":43,"column":4},"end":{"line":45,"column":5}},{"start":{},"end":{}}],"line":43}},"s":{"0":2,"1":2,"2":2,"3":2,"4":0,"5":2,"6":0,"7":2,"8":0,"9":0,"10":0,"11":0,"12":0,"13":0,"14":0,"15":0,"16":0,"17":0,"18":0,"19":0,"20":0,"21":0,"22":0,"23":0,"24":0,"25":0,"26":2},"f":{"0":0,"1":0,"2":0},"b":{"0":[0,0],"1":[0,0],"2":[0,0]},"_coverageSchema":"1a1c01bbd47fc00a2c39e90264f33305004495a9","hash":"d0aa0d59b41f9a240624082a86191bf59e636733"}
,"C:\\Users\\sir\\Desktop\\New folder\\voting-system\\backend\\src\\models\\voting.js": {"path":"C:\\Users\\sir\\Desktop\\New folder\\voting-system\\backend\\src\\models\\voting.js","statementMap":{"0":{"start":{"line":1,"column":18},"end":{"line":1,"column":38}},"1":{"start":{"line":2,"column":18},"end":{"line":2,"column":45}},"2":{"start":{"line":4,"column":13},"end":{"line":4,"column":38}},"3":{"start":{"line":6,"column":15},"end":{"line":32,"column":2}},"4":{"start":{"line":34,"column":18},"end":{"line":56,"column":2}},"5":{"start":{"line":58,"column":0},"end":{"line":93,"column":2}},"6":{"start":{"line":64,"column":2},"end":{"line":92,"column":3}},"7":{"start":{"line":65,"column":24},"end":{"line":65,"column":53}},"8":{"start":{"line":66,"column":19},"end":{"line":73,"column":5}},"9":{"start":{"line":74,"column":30},"end":{"line":82,"column":6}},"10":{"start":{"line":75,"column":6},"end":{"line":81,"column":8}},"11":{"start":{"line":84,"column":4},"end":{"line":84,"column":41}},"12":{"start":{"line":86,"column":4},"end":{"line":86,"column":31}},"13":{"start":{"line":88,"column":4},"end":{"line":88,"column":18}},"14":{"start":{"line":90,"column":4},"end":{"line":90,"column":33}},"15":{"start":{"line":91,"column":4},"end":{"line":91,"column":16}},"16":{"start":{"line":95,"column":0},"end":{"line":125,"column":2}},"17":{"start":{"line":101,"column":2},"end":{"line":124,"column":5}},"18":{"start":{"line":102,"column":19},"end":{"line":109,"column":5}},"19":{"start":{"line":111,"column":30},"end":{"line":119,"column":6}},"20":{"start":{"line":112,"column":6},"end":{"line":118,"column":8}},"21":{"start":{"line":121,"column":4},"end":{"line":121,"column":41}},"22":{"start":{"line":123,"column":4},"end":{"line":123,"column":18}},"23":{"start":{"line":127,"column":0},"end":{"line":129,"column":2}},"24":{"start":{"line":128,"column":2},"end":{"line":128,"column":41}},"25":{"start":{"line":131,"column":0},"end":{"line":133,"column":2}},"26":{"start":{"line":132,"column":2},"end":{"line":132,"column":47}},"27":{"start":{"line":135,"column":0},"end":{"line":167,"column":2}},"28":{"start":{"line":136,"column":22},"end":{"line":136,"column":51}},"29":{"start":{"line":138,"column":2},"end":{"line":166,"column":3}},"30":{"start":{"line":139,"column":21},"end":{"line":139,"column":73}},"31":{"start":{"line":141,"column":4},"end":{"line":143,"column":5}},"32":{"start":{"line":142,"column":6},"end":{"line":142,"column":48}},"33":{"start":{"line":144,"column":19},"end":{"line":144,"column":50}},"34":{"start":{"line":145,"column":4},"end":{"line":147,"column":5}},"35":{"start":{"line":146,"column":6},"end":{"line":146,"column":72}},"36":{"start":{"line":149,"column":22},"end":{"line":149,"column":59}},"37":{"start":{"line":150,"column":4},"end":{"line":152,"column":5}},"38":{"start":{"line":151,"column":6},"end":{"line":151,"column":68}},"39":{"start":{"line":154,"column":4},"end":{"line":157,"column":6}},"40":{"start":{"line":158,"column":4},"end":{"line":158,"column":63}},"41":{"start":{"line":159,"column":4},"end":{"line":159,"column":66}},"42":{"start":{"line":161,"column":4},"end":{"line":161,"column":31}},"43":{"start":{"line":163,"column":4},"end":{"line":163,"column":33}},"44":{"start":{"line":164,"column":4},"end":{"line":164,"column":25}},"45":{"start":{"line":165,"column":4},"end":{"line":165,"column":16}},"46":{"start":{"line":169,"column":0},"end":{"line":192,"column":2}},"47":{"start":{"line":170,"column":22},"end":{"line":170,"column":51}},"48":{"start":{"line":172,"column":2},"end":{"line":191,"column":3}},"49":{"start":{"line":173,"column":19},"end":{"line":173,"column":50}},"50":{"start":{"line":174,"column":4},"end":{"line":176,"column":5}},"51":{"start":{"line":175,"column":6},"end":{"line":175,"column":42}},"52":{"start":{"line":178,"column":4},"end":{"line":180,"column":5}},"53":{"start":{"line":179,"column":6},"end":{"line":179,"column":60}},"54":{"start":{"line":182,"column":4},"end":{"line":182,"column":51}},"55":{"start":{"line":184,"column":4},"end":{"line":184,"column":42}},"56":{"start":{"line":186,"column":4},"end":{"line":186,"column":31}},"57":{"start":{"line":188,"column":4},"end":{"line":188,"column":33}},"58":{"start":{"line":189,"column":4},"end":{"line":189,"column":25}},"59":{"start":{"line":190,"column":4},"end":{"line":190,"column":16}},"60":{"start":{"line":194,"column":0},"end":{"line":216,"column":2}},"61":{"start":{"line":195,"column":22},"end":{"line":195,"column":51}},"62":{"start":{"line":197,"column":2},"end":{"line":215,"column":3}},"63":{"start":{"line":198,"column":19},"end":{"line":198,"column":50}},"64":{"start":{"line":200,"column":4},"end":{"line":202,"column":5}},"65":{"start":{"line":201,"column":6},"end":{"line":201,"column":42}},"66":{"start":{"line":204,"column":4},"end":{"line":206,"column":5}},"67":{"start":{"line":205,"column":6},"end":{"line":205,"column":59}},"68":{"start":{"line":208,"column":4},"end":{"line":208,"column":63}},"69":{"start":{"line":210,"column":4},"end":{"line":210,"column":31}},"70":{"start":{"line":212,"column":4},"end":{"line":212,"column":33}},"71":{"start":{"line":213,"column":4},"end":{"line":213,"column":25}},"72":{"start":{"line":214,"column":4},"end":{"line":214,"column":16}},"73":{"start":{"line":218,"column":0},"end":{"line":240,"column":2}},"74":{"start":{"line":219,"column":22},"end":{"line":219,"column":51}},"75":{"start":{"line":221,"column":2},"end":{"line":239,"column":3}},"76":{"start":{"line":222,"column":19},"end":{"line":222,"column":50}},"77":{"start":{"line":224,"column":4},"end":{"line":226,"column":5}},"78":{"start":{"line":225,"column":6},"end":{"line":225,"column":42}},"79":{"start":{"line":228,"column":4},"end":{"line":230,"column":5}},"80":{"start":{"line":229,"column":6},"end":{"line":229,"column":58}},"81":{"start":{"line":232,"column":4},"end":{"line":232,"column":63}},"82":{"start":{"line":234,"column":4},"end":{"line":234,"column":31}},"83":{"start":{"line":236,"column":4},"end":{"line":236,"column":33}},"84":{"start":{"line":237,"column":4},"end":{"line":237,"column":25}},"85":{"start":{"line":238,"column":4},"end":{"line":238,"column":16}},"86":{"start":{"line":242,"column":0},"end":{"line":242,"column":39}}},"fnMap":{"0":{"name":"(anonymous_0)","decl":{"start":{"line":58,"column":30},"end":{"line":58,"column":31}},"loc":{"start":{"line":63,"column":5},"end":{"line":93,"column":1}},"line":63},"1":{"name":"(anonymous_1)","decl":{"start":{"line":74,"column":45},"end":{"line":74,"column":46}},"loc":{"start":{"line":74,"column":55},"end":{"line":82,"column":5}},"line":74},"2":{"name":"(anonymous_2)","decl":{"start":{"line":95,"column":30},"end":{"line":95,"column":31}},"loc":{"start":{"line":100,"column":2},"end":{"line":125,"column":1}},"line":100},"3":{"name":"(anonymous_3)","decl":{"start":{"line":101,"column":31},"end":{"line":101,"column":32}},"loc":{"start":{"line":101,"column":44},"end":{"line":124,"column":3}},"line":101},"4":{"name":"(anonymous_4)","decl":{"start":{"line":111,"column":45},"end":{"line":111,"column":46}},"loc":{"start":{"line":111,"column":55},"end":{"line":119,"column":5}},"line":111},"5":{"name":"(anonymous_5)","decl":{"start":{"line":127,"column":18},"end":{"line":127,"column":19}},"loc":{"start":{"line":127,"column":38},"end":{"line":129,"column":1}},"line":127},"6":{"name":"(anonymous_6)","decl":{"start":{"line":131,"column":21},"end":{"line":131,"column":22}},"loc":{"start":{"line":131,"column":44},"end":{"line":133,"column":1}},"line":131},"7":{"name":"(anonymous_7)","decl":{"start":{"line":135,"column":24},"end":{"line":135,"column":25}},"loc":{"start":{"line":135,"column":65},"end":{"line":167,"column":1}},"line":135},"8":{"name":"(anonymous_8)","decl":{"start":{"line":169,"column":22},"end":{"line":169,"column":23}},"loc":{"start":{"line":169,"column":50},"end":{"line":192,"column":1}},"line":169},"9":{"name":"(anonymous_9)","decl":{"start":{"line":194,"column":21},"end":{"line":194,"column":22}},"loc":{"start":{"line":194,"column":49},"end":{"line":216,"column":1}},"line":194},"10":{"name":"(anonymous_10)","decl":{"start":{"line":218,"column":20},"end":{"line":218,"column":21}},"loc":{"start":{"line":218,"column":48},"end":{"line":240,"column":1}},"line":218}},"branchMap":{"0":{"loc":{"start":{"line":141,"column":4},"end":{"line":143,"column":5}},"type":"if","locations":[{"start":{"line":141,"column":4},"end":{"line":143,"column":5}},{"start":{},"end":{}}],"line":141},"1":{"loc":{"start":{"line":145,"column":4},"end":{"line":147,"column":5}},"type":"if","locations":[{"start":{"line":145,"column":4},"end":{"line":147,"column":5}},{"start":{},"end":{}}],"line":145},"2":{"loc":{"start":{"line":145,"column":8},"end":{"line":145,"column":44}},"type":"binary-expr","locations":[{"start":{"line":145,"column":8},"end":{"line":145,"column":15}},{"start":{"line":145,"column":19},"end":{"line":145,"column":44}}],"line":145},"3":{"loc":{"start":{"line":150,"column":4},"end":{"line":152,"column":5}},"type":"if","locations":[{"start":{"line":150,"column":4},"end":{"line":152,"column":5}},{"start":{},"end":{}}],"line":150},"4":{"loc":{"start":{"line":174,"column":4},"end":{"line":176,"column":5}},"type":"if","locations":[{"start":{"line":174,"column":4},"end":{"line":176,"column":5}},{"start":{},"end":{}}],"line":174},"5":{"loc":{"start":{"line":178,"column":4},"end":{"line":180,"column":5}},"type":"if","locations":[{"start":{"line":178,"column":4},"end":{"line":180,"column":5}},{"start":{},"end":{}}],"line":178},"6":{"loc":{"start":{"line":200,"column":4},"end":{"line":202,"column":5}},"type":"if","locations":[{"start":{"line":200,"column":4},"end":{"line":202,"column":5}},{"start":{},"end":{}}],"line":200},"7":{"loc":{"start":{"line":204,"column":4},"end":{"line":206,"column":5}},"type":"if","locations":[{"start":{"line":204,"column":4},"end":{"line":206,"column":5}},{"start":{},"end":{}}],"line":204},"8":{"loc":{"start":{"line":224,"column":4},"end":{"line":226,"column":5}},"type":"if","locations":[{"start":{"line":224,"column":4},"end":{"line":226,"column":5}},{"start":{},"end":{}}],"line":224},"9":{"loc":{"start":{"line":228,"column":4},"end":{"line":230,"column":5}},"type":"if","locations":[{"start":{"line":228,"column":4},"end":{"line":230,"column":5}},{"start":{},"end":{}}],"line":228}},"s":{"0":2,"1":2,"2":2,"3":2,"4":2,"5":2,"6":0,"7":0,"8":0,"9":0,"10":0,"11":0,"12":0,"13":0,"14":0,"15":0,"16":2,"17":1,"18":1,"19":1,"20":2,"21":1,"22":1,"23":2,"24":0,"25":2,"26":0,"27":2,"28":0,"29":0,"30":0,"31":0,"32":0,"33":0,"34":0,"35":0,"36":0,"37":0,"38":0,"39":0,"40":0,"41":0,"42":0,"43":0,"44":0,"45":0,"46":2,"47":0,"48":0,"49":0,"50":0,"51":0,"52":0,"53":0,"54":0,"55":0,"56":0,"57":0,"58":0,"59":0,"60":2,"61":0,"62":0,"63":0,"64":0,"65":0,"66":0,"67":0,"68":0,"69":0,"70":0,"71":0,"72":0,"73":2,"74":0,"75":0,"76":0,"77":0,"78":0,"79":0,"80":0,"81":0,"82":0,"83":0,"84":0,"85":0,"86":2},"f":{"0":0,"1":0,"2":1,"3":1,"4":2,"5":0,"6":0,"7":0,"8":0,"9":0,"10":0},"b":{"0":[0,0],"1":[0,0],"2":[0,0],"3":[0,0],"4":[0,0],"5":[0,0],"6":[0,0],"7":[0,0],"8":[0,0],"9":[0,0]},"_coverageSchema":"1a1c01bbd47fc00a2c39e90264f33305004495a9","hash":"d9e98bad0086b80abb503024b5bc94434174ba3d"}
,"C:\\Users\\sir\\Desktop\\New folder\\voting-system\\backend\\src\\routes\\auth.js": {"path":"C:\\Users\\sir\\Desktop\\New folder\\voting-system\\backend\\src\\routes\\auth.js","statementMap":{"0":{"start":{"line":1,"column":16},"end":{"line":1,"column":34}},"1":{"start":{"line":2,"column":15},"end":{"line":2,"column":31}},"2":{"start":{"line":4,"column":23},"end":{"line":4,"column":53}},"3":{"start":{"line":6,"column":0},"end":{"line":6,"column":50}},"4":{"start":{"line":8,"column":0},"end":{"line":8,"column":44}},"5":{"start":{"line":10,"column":0},"end":{"line":10,"column":46}},"6":{"start":{"line":12,"column":0},"end":{"line":12,"column":52}},"7":{"start":{"line":14,"column":0},"end":{"line":14,"column":46}},"8":{"start":{"line":16,"column":0},"end":{"line":16,"column":24}}},"fnMap":{},"branchMap":{},"s":{"0":1,"1":1,"2":1,"3":1,"4":1,"5":1,"6":1,"7":1,"8":1},"f":{},"b":{},"_coverageSchema":"1a1c01bbd47fc00a2c39e90264f33305004495a9","hash":"63b1b5822d1ffba70f83a3df6e4c7efecd3f3b23"}
,"C:\\Users\\sir\\Desktop\\New folder\\voting-system\\backend\\src\\routes\\main.js": {"path":"C:\\Users\\sir\\Desktop\\New folder\\voting-system\\backend\\src\\routes\\main.js","statementMap":{"0":{"start":{"line":1,"column":16},"end":{"line":1,"column":34}},"1":{"start":{"line":2,"column":15},"end":{"line":2,"column":31}},"2":{"start":{"line":4,"column":23},"end":{"line":4,"column":53}},"3":{"start":{"line":6,"column":0},"end":{"line":6,"column":43}},"4":{"start":{"line":8,"column":0},"end":{"line":8,"column":24}}},"fnMap":{},"branchMap":{},"s":{"0":1,"1":1,"2":1,"3":1,"4":1},"f":{},"b":{},"_coverageSchema":"1a1c01bbd47fc00a2c39e90264f33305004495a9","hash":"d136885e9ee3889b5846d44b95504e1864a0bed7"}
,"C:\\Users\\sir\\Desktop\\New folder\\voting-system\\backend\\src\\routes\\newpoll.js": {"path":"C:\\Users\\sir\\Desktop\\New folder\\voting-system\\backend\\src\\routes\\newpoll.js","statementMap":{"0":{"start":{"line":1,"column":16},"end":{"line":1,"column":34}},"1":{"start":{"line":2,"column":15},"end":{"line":2,"column":31}},"2":{"start":{"line":4,"column":13},"end":{"line":4,"column":42}},"3":{"start":{"line":5,"column":26},"end":{"line":5,"column":59}},"4":{"start":{"line":7,"column":0},"end":{"line":13,"column":3}},"5":{"start":{"line":8,"column":22},"end":{"line":10,"column":10}},"6":{"start":{"line":11,"column":16},"end":{"line":11,"column":56}},"7":{"start":{"line":12,"column":2},"end":{"line":12,"column":42}},"8":{"start":{"line":15,"column":0},"end":{"line":15,"column":62}},"9":{"start":{"line":17,"column":0},"end":{"line":17,"column":24}}},"fnMap":{"0":{"name":"(anonymous_0)","decl":{"start":{"line":7,"column":16},"end":{"line":7,"column":17}},"loc":{"start":{"line":7,"column":30},"end":{"line":13,"column":1}},"line":7}},"branchMap":{"0":{"loc":{"start":{"line":8,"column":22},"end":{"line":10,"column":10}},"type":"cond-expr","locations":[{"start":{"line":9,"column":6},"end":{"line":9,"column":34}},{"start":{"line":10,"column":6},"end":{"line":10,"column":10}}],"line":8},"1":{"loc":{"start":{"line":11,"column":16},"end":{"line":11,"column":56}},"type":"binary-expr","locations":[{"start":{"line":11,"column":16},"end":{"line":11,"column":27}},{"start":{"line":11,"column":31},"end":{"line":11,"column":56}}],"line":11}},"s":{"0":1,"1":1,"2":1,"3":1,"4":1,"5":0,"6":0,"7":0,"8":1,"9":1},"f":{"0":0},"b":{"0":[0,0],"1":[0,0]},"_coverageSchema":"1a1c01bbd47fc00a2c39e90264f33305004495a9","hash":"1c1f6f7503e9df5a6eaec7294c081f517234640f"}
,"C:\\Users\\sir\\Desktop\\New folder\\voting-system\\backend\\src\\routes\\voting.js": {"path":"C:\\Users\\sir\\Desktop\\New folder\\voting-system\\backend\\src\\routes\\voting.js","statementMap":{"0":{"start":{"line":1,"column":16},"end":{"line":1,"column":34}},"1":{"start":{"line":2,"column":15},"end":{"line":2,"column":31}},"2":{"start":{"line":4,"column":13},"end":{"line":4,"column":42}},"3":{"start":{"line":5,"column":26},"end":{"line":5,"column":59}},"4":{"start":{"line":7,"column":0},"end":{"line":7,"column":48}},"5":{"start":{"line":9,"column":0},"end":{"line":9,"column":59}},"6":{"start":{"line":11,"column":0},"end":{"line":11,"column":62}},"7":{"start":{"line":13,"column":0},"end":{"line":13,"column":60}},"8":{"start":{"line":15,"column":0},"end":{"line":15,"column":65}},"9":{"start":{"line":17,"column":0},"end":{"line":17,"column":60}},"10":{"start":{"line":19,"column":0},"end":{"line":19,"column":52}},"11":{"start":{"line":21,"column":0},"end":{"line":21,"column":24}}},"fnMap":{},"branchMap":{},"s":{"0":1,"1":1,"2":1,"3":1,"4":1,"5":1,"6":1,"7":1,"8":1,"9":1,"10":1,"11":1},"f":{},"b":{},"_coverageSchema":"1a1c01bbd47fc00a2c39e90264f33305004495a9","hash":"24bccee28012a9e2c3f13b4058f890ac5c1eca37"}
,"C:\\Users\\sir\\Desktop\\New folder\\voting-system\\backend\\src\\util\\database.js": {"path":"C:\\Users\\sir\\Desktop\\New folder\\voting-system\\backend\\src\\util\\database.js","statementMap":{"0":{"start":{"line":1,"column":22},"end":{"line":1,"column":42}},"1":{"start":{"line":2,"column":0},"end":{"line":2,"column":27}},"2":{"start":{"line":4,"column":18},"end":{"line":13,"column":1}},"3":{"start":{"line":15,"column":0},"end":{"line":15,"column":27}}},"fnMap":{},"branchMap":{},"s":{"0":5,"1":5,"2":5,"3":5},"f":{},"b":{},"_coverageSchema":"1a1c01bbd47fc00a2c39e90264f33305004495a9","hash":"82cd7a58e38546272713422e3a9d70e89f495db5"}
}
