TN:
SF:src\index.js
FN:19,(anonymous_0)
FN:20,(anonymous_1)
FN:24,(anonymous_2)
FN:49,(anonymous_3)
FNF:4
FNH:2
FNDA:1,(anonymous_0)
FNDA:1,(anonymous_1)
FNDA:0,(anonymous_2)
FNDA:0,(anonymous_3)
DA:1,1
DA:2,1
DA:3,1
DA:4,1
DA:6,1
DA:7,1
DA:9,1
DA:10,1
DA:11,1
DA:12,1
DA:13,1
DA:14,1
DA:16,1
DA:17,1
DA:20,1
DA:21,1
DA:25,0
DA:28,1
DA:29,1
DA:36,1
DA:37,1
DA:38,1
DA:39,1
DA:41,1
DA:42,1
DA:43,1
DA:44,1
DA:46,1
DA:47,1
DA:49,1
DA:50,0
DA:53,1
LF:32
LH:30
BRDA:30,0,0,1
BRDA:30,0,1,1
BRF:2
BRH:2
end_of_record
TN:
SF:src\setupTests.js
FN:7,(anonymous_0)
FN:15,(anonymous_1)
FN:18,(anonymous_2)
FN:20,(anonymous_3)
FNF:4
FNH:4
FNDA:1,(anonymous_0)
FNDA:1,(anonymous_1)
FNDA:1,(anonymous_2)
FNDA:1,(anonymous_3)
DA:1,1
DA:2,1
DA:3,1
DA:7,1
DA:8,1
DA:11,1
DA:14,1
DA:15,1
DA:18,1
DA:20,1
DA:23,1
DA:26,1
LF:12
LH:12
BRF:0
BRH:0
end_of_record
TN:
SF:src\controllers\auth.js
FN:5,(anonymous_0)
FN:24,(anonymous_1)
FN:50,(anonymous_2)
FN:73,(anonymous_3)
FN:81,(anonymous_4)
FNF:5
FNH:2
FNDA:3,(anonymous_0)
FNDA:1,(anonymous_1)
FNDA:0,(anonymous_2)
FNDA:0,(anonymous_3)
FNDA:0,(anonymous_4)
DA:1,1
DA:2,1
DA:3,1
DA:5,1
DA:6,3
DA:7,3
DA:8,3
DA:9,3
DA:10,3
DA:11,3
DA:12,2
DA:16,1
DA:17,1
DA:19,0
DA:20,0
DA:24,1
DA:25,1
DA:26,1
DA:27,1
DA:28,1
DA:29,1
DA:30,1
DA:31,0
DA:34,1
DA:35,1
DA:39,1
DA:40,1
DA:45,0
DA:46,0
DA:50,1
DA:51,0
DA:52,0
DA:53,0
DA:54,0
DA:56,0
DA:57,0
DA:58,0
DA:59,0
DA:60,0
DA:61,0
DA:64,0
DA:65,0
DA:66,0
DA:68,0
DA:69,0
DA:73,1
DA:74,0
DA:77,0
DA:78,0
DA:81,1
DA:82,0
DA:85,0
DA:86,0
LF:53
LH:27
BRDA:11,0,0,2
BRDA:11,0,1,1
BRDA:30,1,0,0
BRDA:30,1,1,1
BRDA:30,2,0,1
BRDA:30,2,1,1
BRDA:52,3,0,0
BRDA:52,3,1,0
BRDA:57,4,0,0
BRDA:57,4,1,0
BRDA:59,5,0,0
BRDA:59,5,1,0
BRDA:74,6,0,0
BRDA:74,6,1,0
BRDA:77,7,0,0
BRDA:77,7,1,0
BRDA:82,8,0,0
BRDA:82,8,1,0
BRDA:85,9,0,0
BRDA:85,9,1,0
BRF:20
BRH:5
end_of_record
TN:
SF:src\controllers\error.js
FN:2,(anonymous_0)
FNF:1
FNH:0
FNDA:0,(anonymous_0)
DA:1,1
DA:3,0
DA:6,0
DA:7,0
DA:11,1
LF:5
LH:2
BRDA:3,0,0,0
BRDA:3,0,1,0
BRDA:6,1,0,0
BRDA:6,1,1,0
BRF:4
BRH:0
end_of_record
TN:
SF:src\controllers\main.js
FN:5,(anonymous_0)
FNF:1
FNH:1
FNDA:1,(anonymous_0)
DA:1,1
DA:2,1
DA:3,1
DA:5,1
DA:6,1
DA:7,1
DA:8,1
DA:15,1
DA:16,1
DA:17,1
DA:18,1
DA:19,1
DA:20,1
DA:31,1
DA:38,1
DA:42,1
DA:46,1
DA:47,1
DA:49,0
DA:50,0
LF:20
LH:18
BRDA:6,0,0,1
BRDA:6,0,1,1
BRDA:7,1,0,1
BRDA:7,1,1,1
BRDA:15,2,0,1
BRDA:15,2,1,1
BRDA:42,3,0,0
BRDA:42,3,1,1
BRDA:46,4,0,1
BRDA:46,4,1,0
BRF:10
BRH:8
end_of_record
TN:
SF:src\controllers\votings.js
FN:6,(anonymous_0)
FN:48,(anonymous_1)
FN:67,(anonymous_2)
FN:80,(anonymous_3)
FN:94,(anonymous_4)
FN:106,(anonymous_5)
FN:133,(anonymous_6)
FN:147,(anonymous_7)
FNF:8
FNH:8
FNDA:4,(anonymous_0)
FNDA:3,(anonymous_1)
FNDA:2,(anonymous_2)
FNDA:2,(anonymous_3)
FNDA:2,(anonymous_4)
FNDA:2,(anonymous_5)
FNDA:2,(anonymous_6)
FNDA:2,(anonymous_7)
DA:1,2
DA:2,2
DA:3,2
DA:4,2
DA:6,2
DA:7,4
DA:8,4
DA:11,4
DA:12,4
DA:13,4
DA:14,4
DA:15,3
DA:16,3
DA:17,3
DA:20,4
DA:23,3
DA:24,1
DA:26,2
DA:28,2
DA:29,1
DA:33,2
DA:34,2
DA:41,1
DA:42,1
DA:48,2
DA:49,3
DA:50,3
DA:51,3
DA:52,3
DA:53,3
DA:54,3
DA:60,2
DA:62,1
DA:63,1
DA:67,2
DA:68,2
DA:69,2
DA:70,2
DA:71,2
DA:72,2
DA:73,1
DA:75,1
DA:76,1
DA:80,2
DA:81,2
DA:82,2
DA:83,2
DA:84,2
DA:85,1
DA:87,1
DA:88,1
DA:94,2
DA:95,2
DA:96,2
DA:97,2
DA:98,2
DA:99,1
DA:101,1
DA:102,1
DA:106,2
DA:107,2
DA:108,2
DA:111,2
DA:112,2
DA:115,1
DA:116,0
DA:118,1
DA:119,1
DA:120,1
DA:126,1
DA:127,1
DA:133,2
DA:134,2
DA:135,2
DA:136,2
DA:137,2
DA:138,1
DA:140,1
DA:141,1
DA:147,2
DA:148,2
DA:149,2
DA:150,2
DA:151,2
DA:152,1
DA:154,1
DA:155,1
LF:87
LH:86
BRDA:8,0,0,3
BRDA:8,0,1,1
BRDA:12,1,0,4
BRDA:12,1,1,3
BRDA:14,2,0,3
BRDA:14,2,1,1
BRDA:16,3,0,3
BRDA:16,3,1,0
BRDA:23,4,0,1
BRDA:23,4,1,2
BRDA:28,5,0,1
BRDA:28,5,1,1
BRDA:33,6,0,1
BRDA:33,6,1,1
BRDA:108,7,0,2
BRDA:108,7,1,0
BRDA:115,8,0,0
BRDA:115,8,1,1
BRDA:119,9,0,1
BRDA:119,9,1,1
BRF:20
BRH:17
end_of_record
TN:
SF:src\middleware\auth.js
FN:5,(anonymous_0)
FNF:1
FNH:1
FNDA:1,(anonymous_0)
DA:1,1
DA:2,1
DA:3,1
DA:5,1
DA:6,1
DA:7,1
DA:8,1
DA:9,0
DA:11,1
DA:12,1
DA:13,0
DA:15,1
DA:16,1
DA:19,1
LF:14
LH:12
BRDA:7,0,0,1
BRDA:7,0,1,1
BRDA:8,1,0,0
BRDA:8,1,1,1
BRDA:12,2,0,0
BRDA:12,2,1,1
BRDA:12,3,0,1
BRDA:12,3,1,1
BRF:8
BRH:6
end_of_record
TN:
SF:src\models\associations.js
FNF:0
FNH:0
DA:1,1
DA:2,1
DA:4,1
DA:5,1
DA:6,1
DA:7,1
DA:9,1
DA:10,1
DA:12,1
DA:13,1
DA:14,1
DA:16,1
DA:17,1
DA:19,1
DA:20,1
DA:21,1
DA:22,1
DA:23,1
LF:18
LH:18
BRF:0
BRH:0
end_of_record
TN:
SF:src\models\session.js
FN:25,(anonymous_0)
FN:30,(anonymous_1)
FN:39,(anonymous_2)
FN:44,(anonymous_3)
FNF:4
FNH:2
FNDA:0,(anonymous_0)
FNDA:1,(anonymous_1)
FNDA:0,(anonymous_2)
FNDA:1,(anonymous_3)
DA:1,2
DA:2,2
DA:4,2
DA:25,2
DA:26,0
DA:27,0
DA:30,2
DA:31,1
DA:36,1
DA:39,2
DA:40,0
DA:41,0
DA:44,2
DA:45,1
DA:46,1
DA:49,2
LF:16
LH:12
BRF:0
BRH:0
end_of_record
TN:
SF:src\models\user.js
FN:26,(anonymous_0)
FN:36,(anonymous_1)
FN:41,(anonymous_2)
FNF:3
FNH:3
FNDA:1,(anonymous_0)
FNDA:4,(anonymous_1)
FNDA:1,(anonymous_2)
DA:1,2
DA:2,2
DA:3,2
DA:5,2
DA:26,2
DA:27,1
DA:28,1
DA:33,1
DA:36,2
DA:37,4
DA:38,4
DA:41,2
DA:42,1
DA:45,2
LF:14
LH:14
BRF:0
BRH:0
end_of_record
TN:
SF:src\models\vote.js
FN:19,(anonymous_0)
FN:25,(anonymous_1)
FN:32,(anonymous_2)
FNF:3
FNH:0
FNDA:0,(anonymous_0)
FNDA:0,(anonymous_1)
FNDA:0,(anonymous_2)
DA:1,2
DA:2,2
DA:4,2
DA:19,2
DA:20,0
DA:25,2
DA:26,0
DA:32,2
DA:33,0
DA:34,0
DA:36,0
DA:37,0
DA:38,0
DA:39,0
DA:41,0
DA:43,0
DA:44,0
DA:47,0
DA:49,0
DA:51,0
DA:52,0
DA:54,0
DA:56,0
DA:58,0
DA:59,0
DA:60,0
DA:64,2
LF:27
LH:7
BRDA:38,0,0,0
BRDA:38,0,1,0
BRDA:38,1,0,0
BRDA:38,1,1,0
BRDA:43,2,0,0
BRDA:43,2,1,0
BRF:6
BRH:0
end_of_record
TN:
SF:src\models\voting.js
FN:58,(anonymous_0)
FN:74,(anonymous_1)
FN:95,(anonymous_2)
FN:101,(anonymous_3)
FN:111,(anonymous_4)
FN:127,(anonymous_5)
FN:131,(anonymous_6)
FN:135,(anonymous_7)
FN:169,(anonymous_8)
FN:194,(anonymous_9)
FN:218,(anonymous_10)
FNF:11
FNH:3
FNDA:0,(anonymous_0)
FNDA:0,(anonymous_1)
FNDA:1,(anonymous_2)
FNDA:1,(anonymous_3)
FNDA:2,(anonymous_4)
FNDA:0,(anonymous_5)
FNDA:0,(anonymous_6)
FNDA:0,(anonymous_7)
FNDA:0,(anonymous_8)
FNDA:0,(anonymous_9)
FNDA:0,(anonymous_10)
DA:1,2
DA:2,2
DA:4,2
DA:6,2
DA:34,2
DA:58,2
DA:64,0
DA:65,0
DA:66,0
DA:74,0
DA:75,0
DA:84,0
DA:86,0
DA:88,0
DA:90,0
DA:91,0
DA:95,2
DA:101,1
DA:102,1
DA:111,1
DA:112,2
DA:121,1
DA:123,1
DA:127,2
DA:128,0
DA:131,2
DA:132,0
DA:135,2
DA:136,0
DA:138,0
DA:139,0
DA:141,0
DA:142,0
DA:144,0
DA:145,0
DA:146,0
DA:149,0
DA:150,0
DA:151,0
DA:154,0
DA:158,0
DA:159,0
DA:161,0
DA:163,0
DA:164,0
DA:165,0
DA:169,2
DA:170,0
DA:172,0
DA:173,0
DA:174,0
DA:175,0
DA:178,0
DA:179,0
DA:182,0
DA:184,0
DA:186,0
DA:188,0
DA:189,0
DA:190,0
DA:194,2
DA:195,0
DA:197,0
DA:198,0
DA:200,0
DA:201,0
DA:204,0
DA:205,0
DA:208,0
DA:210,0
DA:212,0
DA:213,0
DA:214,0
DA:218,2
DA:219,0
DA:221,0
DA:222,0
DA:224,0
DA:225,0
DA:228,0
DA:229,0
DA:232,0
DA:234,0
DA:236,0
DA:237,0
DA:238,0
DA:242,2
LF:87
LH:20
BRDA:141,0,0,0
BRDA:141,0,1,0
BRDA:145,1,0,0
BRDA:145,1,1,0
BRDA:145,2,0,0
BRDA:145,2,1,0
BRDA:150,3,0,0
BRDA:150,3,1,0
BRDA:174,4,0,0
BRDA:174,4,1,0
BRDA:178,5,0,0
BRDA:178,5,1,0
BRDA:200,6,0,0
BRDA:200,6,1,0
BRDA:204,7,0,0
BRDA:204,7,1,0
BRDA:224,8,0,0
BRDA:224,8,1,0
BRDA:228,9,0,0
BRDA:228,9,1,0
BRF:20
BRH:0
end_of_record
TN:
SF:src\routes\auth.js
FNF:0
FNH:0
DA:1,1
DA:2,1
DA:4,1
DA:6,1
DA:8,1
DA:10,1
DA:12,1
DA:14,1
DA:16,1
LF:9
LH:9
BRF:0
BRH:0
end_of_record
TN:
SF:src\routes\main.js
FNF:0
FNH:0
DA:1,1
DA:2,1
DA:4,1
DA:6,1
DA:8,1
LF:5
LH:5
BRF:0
BRH:0
end_of_record
TN:
SF:src\routes\newpoll.js
FN:7,(anonymous_0)
FNF:1
FNH:0
FNDA:0,(anonymous_0)
DA:1,1
DA:2,1
DA:4,1
DA:5,1
DA:7,1
DA:8,0
DA:11,0
DA:12,0
DA:15,1
DA:17,1
LF:10
LH:7
BRDA:8,0,0,0
BRDA:8,0,1,0
BRDA:11,1,0,0
BRDA:11,1,1,0
BRF:4
BRH:0
end_of_record
TN:
SF:src\routes\voting.js
FNF:0
FNH:0
DA:1,1
DA:2,1
DA:4,1
DA:5,1
DA:7,1
DA:9,1
DA:11,1
DA:13,1
DA:15,1
DA:17,1
DA:19,1
DA:21,1
LF:12
LH:12
BRF:0
BRH:0
end_of_record
TN:
SF:src\util\database.js
FNF:0
FNH:0
DA:1,5
DA:2,5
DA:4,5
DA:15,5
LF:4
LH:4
BRF:0
BRH:0
end_of_record
